This is pdfTeX, Version 3.141592653-2.6-1.40.22 (TeX Live 2022/dev/Debian) (preloaded format=pdflatex 2023.10.14)  20 NOV 2023 10:49
entering extended mode
 restricted \write18 enabled.
 file:line:error style messages enabled.
 %&-line parsing enabled.
**/home/mendes/Desktop/IA/Resumos/Resumos.tex
(/home/mendes/Desktop/IA/Resumos/Resumos.tex
LaTeX2e <2021-11-15> patch level 1
L3 programming layer <2022-01-21> (/usr/share/texlive/texmf-dist/tex/latex/base/article.cls
Document Class: article 2021/10/04 v1.4n Standard LaTeX document class
(/usr/share/texlive/texmf-dist/tex/latex/base/size10.clo
File: size10.clo 2021/10/04 v1.4n Standard LaTeX file (size option)
)
\c@part=\count185
\c@section=\count186
\c@subsection=\count187
\c@subsubsection=\count188
\c@paragraph=\count189
\c@subparagraph=\count190
\c@figure=\count191
\c@table=\count192
\abovecaptionskip=\skip47
\belowcaptionskip=\skip48
\bibindent=\dimen138
) (/usr/share/texlive/texmf-dist/tex/latex/base/inputenc.sty
Package: inputenc 2021/02/14 v1.3d Input encoding file
\inpenc@prehook=\toks16
\inpenc@posthook=\toks17
) (/usr/share/texlive/texmf-dist/tex/latex/tools/indentfirst.sty
Package: indentfirst 1995/11/23 v1.03 Indent first paragraph (DPC)
) (/usr/share/texlive/texmf-dist/tex/latex/titling/titling.sty
Package: titling 2009/09/04 v2.1d maketitle typesetting
\thanksmarkwidth=\skip49
\thanksmargin=\skip50
\droptitle=\skip51
) (/usr/share/texlive/texmf-dist/tex/latex/geometry/geometry.sty
Package: geometry 2020/01/02 v5.9 Page Geometry
 (/usr/share/texlive/texmf-dist/tex/latex/graphics/keyval.sty
Package: keyval 2014/10/28 v1.15 key=value parser (DPC)
\KV@toks@=\toks18
) (/usr/share/texlive/texmf-dist/tex/generic/iftex/ifvtex.sty
Package: ifvtex 2019/10/25 v1.7 ifvtex legacy package. Use iftex instead.
 (/usr/share/texlive/texmf-dist/tex/generic/iftex/iftex.sty
Package: iftex 2020/03/06 v1.0d TeX engine tests
))
\Gm@cnth=\count193
\Gm@cntv=\count194
\c@Gm@tempcnt=\count195
\Gm@bindingoffset=\dimen139
\Gm@wd@mp=\dimen140
\Gm@odd@mp=\dimen141
\Gm@even@mp=\dimen142
\Gm@layoutwidth=\dimen143
\Gm@layoutheight=\dimen144
\Gm@layouthoffset=\dimen145
\Gm@layoutvoffset=\dimen146
\Gm@dimlist=\toks19
) (/usr/share/texlive/texmf-dist/tex/latex/graphics/graphicx.sty
Package: graphicx 2021/09/16 v1.2d Enhanced LaTeX Graphics (DPC,SPQR)
 (/usr/share/texlive/texmf-dist/tex/latex/graphics/graphics.sty
Package: graphics 2021/03/04 v1.4d Standard LaTeX Graphics (DPC,SPQR)
 (/usr/share/texlive/texmf-dist/tex/latex/graphics/trig.sty
Package: trig 2021/08/11 v1.11 sin cos tan (DPC)
) (/usr/share/texlive/texmf-dist/tex/latex/graphics-cfg/graphics.cfg
File: graphics.cfg 2016/06/04 v1.11 sample graphics configuration
)
Package graphics Info: Driver file: pdftex.def on input line 107.
 (/usr/share/texlive/texmf-dist/tex/latex/graphics-def/pdftex.def
File: pdftex.def 2020/10/05 v1.2a Graphics/color driver for pdftex
))
\Gin@req@height=\dimen147
\Gin@req@width=\dimen148
) (/usr/share/texlive/texmf-dist/tex/latex/enumitem/enumitem.sty
Package: enumitem 2019/06/20 v3.9 Customized lists
\labelindent=\skip52
\enit@outerparindent=\dimen149
\enit@toks=\toks20
\enit@inbox=\box50
\enit@count@id=\count196
\enitdp@description=\count197
) (/usr/share/texlive/texmf-dist/tex/latex/fancyhdr/fancyhdr.sty
Package: fancyhdr 2021/01/28 v4.0.1 Extensive control of page headers and footers
\f@nch@headwidth=\skip53
\f@nch@O@elh=\skip54
\f@nch@O@erh=\skip55
\f@nch@O@olh=\skip56
\f@nch@O@orh=\skip57
\f@nch@O@elf=\skip58
\f@nch@O@erf=\skip59
\f@nch@O@olf=\skip60
\f@nch@O@orf=\skip61
) (/usr/share/texlive/texmf-dist/tex/generic/ulem/ulem.sty
\UL@box=\box51
\UL@hyphenbox=\box52
\UL@skip=\skip62
\UL@hook=\toks21
\UL@height=\dimen150
\UL@pe=\count198
\UL@pixel=\dimen151
\ULC@box=\box53
Package: ulem 2019/11/18
\ULdepth=\dimen152
) (/usr/share/texlive/texmf-dist/tex/latex/xcolor/xcolor.sty
Package: xcolor 2021/10/31 v2.13 LaTeX color extensions (UK)
 (/usr/share/texlive/texmf-dist/tex/latex/graphics-cfg/color.cfg
File: color.cfg 2016/01/02 v1.6 sample color configuration
)
Package xcolor Info: Driver file: pdftex.def on input line 227.
Package xcolor Info: Model `cmy' substituted by `cmy0' on input line 1352.
Package xcolor Info: Model `hsb' substituted by `rgb' on input line 1356.
Package xcolor Info: Model `RGB' extended on input line 1368.
Package xcolor Info: Model `HTML' substituted by `rgb' on input line 1370.
Package xcolor Info: Model `Hsb' substituted by `hsb' on input line 1371.
Package xcolor Info: Model `tHsb' substituted by `hsb' on input line 1372.
Package xcolor Info: Model `HSB' substituted by `hsb' on input line 1373.
Package xcolor Info: Model `Gray' substituted by `gray' on input line 1374.
Package xcolor Info: Model `wave' substituted by `hsb' on input line 1375.
 (/usr/share/texlive/texmf-dist/tex/latex/graphics/dvipsnam.def
File: dvipsnam.def 2016/06/17 v3.0m Driver-dependent file (DPC,SPQR)
)) (/usr/share/texlive/texmf-dist/tex/latex/amsfonts/amssymb.sty
Package: amssymb 2013/01/14 v3.01 AMS font symbols
 (/usr/share/texlive/texmf-dist/tex/latex/amsfonts/amsfonts.sty
Package: amsfonts 2013/01/14 v3.01 Basic AMSFonts support
\@emptytoks=\toks22
\symAMSa=\mathgroup4
\symAMSb=\mathgroup5
LaTeX Font Info:    Redeclaring math symbol \hbar on input line 98.
LaTeX Font Info:    Overwriting math alphabet `\mathfrak' in version `bold'
(Font)                  U/euf/m/n --> U/euf/b/n on input line 106.
)) (/usr/share/texlive/texmf-dist/tex/latex/listings/listings.sty
\lst@mode=\count199
\lst@gtempboxa=\box54
\lst@token=\toks23
\lst@length=\count266
\lst@currlwidth=\dimen153
\lst@column=\count267
\lst@pos=\count268
\lst@lostspace=\dimen154
\lst@width=\dimen155
\lst@newlines=\count269
\lst@lineno=\count270
\lst@maxwidth=\dimen156
 (/usr/share/texlive/texmf-dist/tex/latex/listings/lstmisc.sty
File: lstmisc.sty 2020/03/24 1.8d (Carsten Heinz)
\c@lstnumber=\count271
\lst@skipnumbers=\count272
\lst@framebox=\box55
) (/usr/share/texlive/texmf-dist/tex/latex/listings/listings.cfg
File: listings.cfg 2020/03/24 1.8d listings configuration
))
Package: listings 2020/03/24 1.8d (Carsten Heinz)
 (/usr/share/texlive/texmf-dist/tex/latex/amsmath/amsmath.sty
Package: amsmath 2021/10/15 v2.17l AMS math features
\@mathmargin=\skip63

For additional information on amsmath, use the `?' option.
(/usr/share/texlive/texmf-dist/tex/latex/amsmath/amstext.sty
Package: amstext 2021/08/26 v2.01 AMS text
 (/usr/share/texlive/texmf-dist/tex/latex/amsmath/amsgen.sty
File: amsgen.sty 1999/11/30 v2.0 generic functions
\@emptytoks=\toks24
\ex@=\dimen157
)) (/usr/share/texlive/texmf-dist/tex/latex/amsmath/amsbsy.sty
Package: amsbsy 1999/11/29 v1.2d Bold Symbols
\pmbraise@=\dimen158
) (/usr/share/texlive/texmf-dist/tex/latex/amsmath/amsopn.sty
Package: amsopn 2021/08/26 v2.02 operator names
)
\inf@bad=\count273
LaTeX Info: Redefining \frac on input line 234.
\uproot@=\count274
\leftroot@=\count275
LaTeX Info: Redefining \overline on input line 399.
\classnum@=\count276
\DOTSCASE@=\count277
LaTeX Info: Redefining \ldots on input line 496.
LaTeX Info: Redefining \dots on input line 499.
LaTeX Info: Redefining \cdots on input line 620.
\Mathstrutbox@=\box56
\strutbox@=\box57
\big@size=\dimen159
LaTeX Font Info:    Redeclaring font encoding OML on input line 743.
LaTeX Font Info:    Redeclaring font encoding OMS on input line 744.
\macc@depth=\count278
\c@MaxMatrixCols=\count279
\dotsspace@=\muskip16
\c@parentequation=\count280
\dspbrk@lvl=\count281
\tag@help=\toks25
\row@=\count282
\column@=\count283
\maxfields@=\count284
\andhelp@=\toks26
\eqnshift@=\dimen160
\alignsep@=\dimen161
\tagshift@=\dimen162
\tagwidth@=\dimen163
\totwidth@=\dimen164
\lineht@=\dimen165
\@envbody=\toks27
\multlinegap=\skip64
\multlinetaggap=\skip65
\mathdisplay@stack=\toks28
LaTeX Info: Redefining \[ on input line 2938.
LaTeX Info: Redefining \] on input line 2939.
) (/usr/share/texlive/texmf-dist/tex/latex/listings/lstlang1.sty
File: lstlang1.sty 2020/03/24 1.8d listings language file
) (/usr/share/texlive/texmf-dist/tex/latex/l3backend/l3backend-pdftex.def
File: l3backend-pdftex.def 2022-01-12 L3 backend support: PDF output (pdfTeX)
\l__color_backend_stack_int=\count285
\l__pdf_internal_box=\box58
) (./Resumos.aux)
\openout1 = `Resumos.aux'.

LaTeX Font Info:    Checking defaults for OML/cmm/m/it on input line 63.
LaTeX Font Info:    ... okay on input line 63.
LaTeX Font Info:    Checking defaults for OMS/cmsy/m/n on input line 63.
LaTeX Font Info:    ... okay on input line 63.
LaTeX Font Info:    Checking defaults for OT1/cmr/m/n on input line 63.
LaTeX Font Info:    ... okay on input line 63.
LaTeX Font Info:    Checking defaults for T1/cmr/m/n on input line 63.
LaTeX Font Info:    ... okay on input line 63.
LaTeX Font Info:    Checking defaults for TS1/cmr/m/n on input line 63.
LaTeX Font Info:    ... okay on input line 63.
LaTeX Font Info:    Checking defaults for OMX/cmex/m/n on input line 63.
LaTeX Font Info:    ... okay on input line 63.
LaTeX Font Info:    Checking defaults for U/cmr/m/n on input line 63.
LaTeX Font Info:    ... okay on input line 63.

*geometry* driver: auto-detecting
*geometry* detected driver: pdftex
*geometry* verbose mode - [ preamble ] result:
* driver: pdftex
* paper: a4paper
* layout: <same size as paper>
* layoutoffset:(h,v)=(0.0pt,0.0pt)
* modes: 
* h-part:(L,W,R)=(89.62709pt, 418.25368pt, 89.6271pt)
* v-part:(T,H,B)=(156.49014pt, 560.5193pt, 128.0374pt)
* \paperwidth=597.50787pt
* \paperheight=845.04684pt
* \textwidth=418.25368pt
* \textheight=560.5193pt
* \oddsidemargin=17.3571pt
* \evensidemargin=17.3571pt
* \topmargin=-54.59087pt
* \headheight=113.81102pt
* \headsep=25.0pt
* \topskip=10.0pt
* \footskip=113.81102pt
* \marginparwidth=65.0pt
* \marginparsep=11.0pt
* \columnsep=10.0pt
* \skip\footins=9.0pt plus 4.0pt minus 2.0pt
* \hoffset=0.0pt
* \voffset=0.0pt
* \mag=1000
* \@twocolumnfalse
* \@twosidefalse
* \@mparswitchfalse
* \@reversemarginfalse
* (1in=72.27pt=25.4mm, 1cm=28.453pt)

(/usr/share/texlive/texmf-dist/tex/context/base/mkii/supp-pdf.mkii
[Loading MPS to PDF converter (version 2006.09.02).]
\scratchcounter=\count286
\scratchdimen=\dimen166
\scratchbox=\box59
\nofMPsegments=\count287
\nofMParguments=\count288
\everyMPshowfont=\toks29
\MPscratchCnt=\count289
\MPscratchDim=\dimen167
\MPnumerator=\count290
\makeMPintoPDFobject=\count291
\everyMPtoPDFconversion=\toks30
) (/usr/share/texlive/texmf-dist/tex/latex/epstopdf-pkg/epstopdf-base.sty
Package: epstopdf-base 2020-01-24 v2.11 Base part for package epstopdf
 (/usr/share/texlive/texmf-dist/tex/generic/infwarerr/infwarerr.sty
Package: infwarerr 2019/12/03 v1.5 Providing info/warning/error messages (HO)
) (/usr/share/texlive/texmf-dist/tex/latex/grfext/grfext.sty
Package: grfext 2019/12/03 v1.3 Manage graphics extensions (HO)
 (/usr/share/texlive/texmf-dist/tex/generic/kvdefinekeys/kvdefinekeys.sty
Package: kvdefinekeys 2019-12-19 v1.6 Define keys (HO)
)) (/usr/share/texlive/texmf-dist/tex/latex/kvoptions/kvoptions.sty
Package: kvoptions 2020-10-07 v3.14 Key value format for package options (HO)
 (/usr/share/texlive/texmf-dist/tex/generic/ltxcmds/ltxcmds.sty
Package: ltxcmds 2020-05-10 v1.25 LaTeX kernel commands for general use (HO)
) (/usr/share/texlive/texmf-dist/tex/generic/kvsetkeys/kvsetkeys.sty
Package: kvsetkeys 2019/12/15 v1.18 Key value parser (HO)
)) (/usr/share/texlive/texmf-dist/tex/generic/pdftexcmds/pdftexcmds.sty
Package: pdftexcmds 2020-06-27 v0.33 Utility functions of pdfTeX for LuaTeX (HO)
Package pdftexcmds Info: \pdf@primitive is available.
Package pdftexcmds Info: \pdf@ifprimitive is available.
Package pdftexcmds Info: \pdfdraftmode found.
)
Package epstopdf-base Info: Redefining graphics rule for `.eps' on input line 485.
Package grfext Info: Graphics extension search list:
(grfext)             [.pdf,.png,.jpg,.mps,.jpeg,.jbig2,.jb2,.PDF,.PNG,.JPG,.JPEG,.JBIG2,.JB2,.eps]
(grfext)             \AppendGraphicsExtensions on input line 504.
 (/usr/share/texlive/texmf-dist/tex/latex/latexconfig/epstopdf-sys.cfg
File: epstopdf-sys.cfg 2010/07/13 v1.3 Configuration of (r)epstopdf for TeX Live
))
\c@lstlisting=\count292
LaTeX Font Info:    Trying to load font information for U+msa on input line 67.
 (/usr/share/texlive/texmf-dist/tex/latex/amsfonts/umsa.fd
File: umsa.fd 2013/01/14 v3.01 AMS symbols A
)
LaTeX Font Info:    Trying to load font information for U+msb on input line 67.
 (/usr/share/texlive/texmf-dist/tex/latex/amsfonts/umsb.fd
File: umsb.fd 2013/01/14 v3.01 AMS symbols B
)
<UA.png, id=1, 368.37625pt x 137.51375pt>
File: UA.png Graphic file (type png)
<use UA.png>
Package pdftex.def Info: UA.png  used on input line 69.
(pdftex.def)             Requested size: 147.34789pt x 55.00452pt.
 [1

{/var/lib/texmf/fonts/map/pdftex/updmap/pdftex.map} <./UA.png>]
<./Images//1.png, id=10, 660.4675pt x 286.06876pt>
File: ./Images//1.png Graphic file (type png)
<use ./Images//1.png>
Package pdftex.def Info: ./Images//1.png  used on input line 107.
(pdftex.def)             Requested size: 330.23294pt x 143.03403pt.
<UA.jpg, id=12, 903.375pt x 903.375pt>
File: UA.jpg Graphic file (type jpg)
<use UA.jpg>
Package pdftex.def Info: UA.jpg  used on input line 114.
(pdftex.def)             Requested size: 9.02876pt x 9.02876pt.
 [1 <./Images//1.png> <./UA.jpg>]
<./Images//2.png, id=21, 518.93875pt x 136.51pt>
File: ./Images//2.png Graphic file (type png)
<use ./Images//2.png>
Package pdftex.def Info: ./Images//2.png  used on input line 156.
(pdftex.def)             Requested size: 207.57182pt x 54.60303pt.
File: UA.jpg Graphic file (type jpg)
<use UA.jpg>
Package pdftex.def Info: UA.jpg  used on input line 169.
(pdftex.def)             Requested size: 9.02876pt x 9.02876pt.
 [2 <./Images//2.png>]
Overfull \hbox (0.21939pt too wide) in paragraph at lines 174--180
[]\OT1/cmr/m/n/10 Criada no fi-nal dos anos 90, ^^Se uma lin-guagem de pro-grama^^Xc~ao in-ter-pre-tada, it-er-a-tiva, port^^Savel,
 []

<./Images//3.png, id=28, 806.01125pt x 345.29pt>
File: ./Images//3.png Graphic file (type png)
<use ./Images//3.png>
Package pdftex.def Info: ./Images//3.png  used on input line 215.
(pdftex.def)             Requested size: 241.80524pt x 103.58778pt.
File: UA.jpg Graphic file (type jpg)
<use UA.jpg>
Package pdftex.def Info: UA.jpg  used on input line 221.
(pdftex.def)             Requested size: 9.02876pt x 9.02876pt.
[3 <./Images//3.png>]
File: UA.jpg Graphic file (type jpg)
<use UA.jpg>
Package pdftex.def Info: UA.jpg  used on input line 273.
(pdftex.def)             Requested size: 9.02876pt x 9.02876pt.
 [4]
<./Images//4.png, id=37, 633.36626pt x 303.1325pt>
File: ./Images//4.png Graphic file (type png)
<use ./Images//4.png>
Package pdftex.def Info: ./Images//4.png  used on input line 325.
(pdftex.def)             Requested size: 190.01134pt x 90.94044pt.
File: UA.jpg Graphic file (type jpg)
<use UA.jpg>
Package pdftex.def Info: UA.jpg  used on input line 332.
(pdftex.def)             Requested size: 9.02876pt x 9.02876pt.
 [5 <./Images//4.png>]
File: UA.jpg Graphic file (type jpg)
<use UA.jpg>
Package pdftex.def Info: UA.jpg  used on input line 387.
(pdftex.def)             Requested size: 9.02876pt x 9.02876pt.
 [6]
File: UA.jpg Graphic file (type jpg)
<use UA.jpg>
Package pdftex.def Info: UA.jpg  used on input line 445.
(pdftex.def)             Requested size: 9.02876pt x 9.02876pt.
 [7]
<./Images//5.png, id=49, 735.74875pt x 336.25626pt>
File: ./Images//5.png Graphic file (type png)
<use ./Images//5.png>
Package pdftex.def Info: ./Images//5.png  used on input line 482.
(pdftex.def)             Requested size: 220.72632pt x 100.87766pt.
File: UA.jpg Graphic file (type jpg)
<use UA.jpg>
Package pdftex.def Info: UA.jpg  used on input line 494.
(pdftex.def)             Requested size: 9.02876pt x 9.02876pt.
 [8 <./Images//5.png>]
File: UA.jpg Graphic file (type jpg)
<use UA.jpg>
Package pdftex.def Info: UA.jpg  used on input line 548.
(pdftex.def)             Requested size: 9.02876pt x 9.02876pt.
 [9]
File: UA.jpg Graphic file (type jpg)
<use UA.jpg>
Package pdftex.def Info: UA.jpg  used on input line 596.
(pdftex.def)             Requested size: 9.02876pt x 9.02876pt.
 [10]
<./Images//6.png, id=60, 667.49374pt x 256.96pt>
File: ./Images//6.png Graphic file (type png)
<use ./Images//6.png>
Package pdftex.def Info: ./Images//6.png  used on input line 604.
(pdftex.def)             Requested size: 200.24966pt x 77.0886pt.
<./Images//7.png, id=61, 574.145pt x 238.8925pt>
File: ./Images//7.png Graphic file (type png)
<use ./Images//7.png>
Package pdftex.def Info: ./Images//7.png  used on input line 630.
(pdftex.def)             Requested size: 172.24483pt x 71.66829pt.
File: UA.jpg Graphic file (type jpg)
<use UA.jpg>
Package pdftex.def Info: UA.jpg  used on input line 634.
(pdftex.def)             Requested size: 9.02876pt x 9.02876pt.
 [11 <./Images//6.png> <./Images//7.png>]
<./Images//8.png, id=67, 843.15pt x 429.605pt>
File: ./Images//8.png Graphic file (type png)
<use ./Images//8.png>
Package pdftex.def Info: ./Images//8.png  used on input line 638.
(pdftex.def)             Requested size: 295.10692pt x 150.364pt.
File: UA.jpg Graphic file (type jpg)
<use UA.jpg>
Package pdftex.def Info: UA.jpg  used on input line 674.
(pdftex.def)             Requested size: 9.02876pt x 9.02876pt.
 [12 <./Images//8.png>]
<./Images//9.png, id=73, 473.77pt x 294.09875pt>
File: ./Images//9.png Graphic file (type png)
<use ./Images//9.png>
Package pdftex.def Info: ./Images//9.png  used on input line 698.
(pdftex.def)             Requested size: 189.50464pt x 117.6374pt.
<./Images//10.png, id=74, 747.79375pt x 412.54124pt>
File: ./Images//10.png Graphic file (type png)
<use ./Images//10.png>
Package pdftex.def Info: ./Images//10.png  used on input line 708.
(pdftex.def)             Requested size: 261.73172pt x 144.39159pt.
File: UA.jpg Graphic file (type jpg)
<use UA.jpg>
Package pdftex.def Info: UA.jpg  used on input line 712.
(pdftex.def)             Requested size: 9.02876pt x 9.02876pt.
 [13 <./Images//9.png> <./Images//10.png>]
<./Images//11.png, id=80, 476.78125pt x 295.1025pt>
File: ./Images//11.png Graphic file (type png)
<use ./Images//11.png>
Package pdftex.def Info: ./Images//11.png  used on input line 716.
(pdftex.def)             Requested size: 190.7091pt x 118.0389pt.
<./Images//12.png, id=81, 779.91376pt x 419.5675pt>
File: ./Images//12.png Graphic file (type png)
<use ./Images//12.png>
Package pdftex.def Info: ./Images//12.png  used on input line 724.
(pdftex.def)             Requested size: 272.9739pt x 146.85081pt.
<./Images//13.png, id=82, 354.32375pt x 312.16624pt>
File: ./Images//13.png Graphic file (type png)
<use ./Images//13.png>
Package pdftex.def Info: ./Images//13.png  used on input line 737.
(pdftex.def)             Requested size: 141.72697pt x 124.86427pt.
File: UA.jpg Graphic file (type jpg)
<use UA.jpg>
Package pdftex.def Info: UA.jpg  used on input line 741.
(pdftex.def)             Requested size: 9.02876pt x 9.02876pt.
 [14 <./Images//11.png> <./Images//12.png> <./Images//13.png>]
<./Images//14.png, id=89, 473.77pt x 286.06876pt>
File: ./Images//14.png Graphic file (type png)
<use ./Images//14.png>
Package pdftex.def Info: ./Images//14.png  used on input line 748.
(pdftex.def)             Requested size: 189.50464pt x 114.42546pt.
<./Images//15.png, id=90, 473.77pt x 289.08pt>
File: ./Images//15.png Graphic file (type png)
<use ./Images//15.png>
Package pdftex.def Info: ./Images//15.png  used on input line 749.
(pdftex.def)             Requested size: 189.50464pt x 115.62994pt.
File: UA.jpg Graphic file (type jpg)
<use UA.jpg>
Package pdftex.def Info: UA.jpg  used on input line 790.
(pdftex.def)             Requested size: 9.02876pt x 9.02876pt.
 [15 <./Images//14.png> <./Images//15.png>]
<./Images//16.png, id=96, 782.925pt x 432.61626pt>
File: ./Images//16.png Graphic file (type png)
<use ./Images//16.png>
Package pdftex.def Info: ./Images//16.png  used on input line 794.
(pdftex.def)             Requested size: 274.02785pt x 151.41795pt.
<./Images//17.png, id=97, 728.7225pt x 256.96pt>
File: ./Images//17.png Graphic file (type png)
<use ./Images//17.png>
Package pdftex.def Info: ./Images//17.png  used on input line 802.
(pdftex.def)             Requested size: 255.05669pt x 89.93733pt.
<./Images//18.png, id=98, 519.9425pt x 298.11375pt>
File: ./Images//18.png Graphic file (type png)
<use ./Images//18.png>
Package pdftex.def Info: ./Images//18.png  used on input line 818.
(pdftex.def)             Requested size: 171.58156pt x 98.37784pt.
File: UA.jpg Graphic file (type jpg)
<use UA.jpg>
Package pdftex.def Info: UA.jpg  used on input line 825.
(pdftex.def)             Requested size: 9.02876pt x 9.02876pt.
 [16 <./Images//16.png> <./Images//17.png> <./Images//18.png>]
<./Images//19.png, id=105, 193.72375pt x 356.33125pt>
File: ./Images//19.png Graphic file (type png)
<use ./Images//19.png>
Package pdftex.def Info: ./Images//19.png  used on input line 829.
(pdftex.def)             Requested size: 67.80432pt x 124.71779pt.
<./Images//20.png, id=106, 706.64pt x 327.2225pt>
File: ./Images//20.png Graphic file (type png)
<use ./Images//20.png>
Package pdftex.def Info: ./Images//20.png  used on input line 839.
(pdftex.def)             Requested size: 247.3277pt x 114.52959pt.
File: UA.jpg Graphic file (type jpg)
<use UA.jpg>
Package pdftex.def Info: UA.jpg  used on input line 862.
(pdftex.def)             Requested size: 9.02876pt x 9.02876pt.
 [17 <./Images//19.png> <./Images//20.png>]
<./Images//21.png, id=112, 590.205pt x 395.4775pt>
File: ./Images//21.png Graphic file (type png)
<use ./Images//21.png>
Package pdftex.def Info: ./Images//21.png  used on input line 876.
(pdftex.def)             Requested size: 206.57484pt x 138.41919pt.
File: UA.jpg Graphic file (type jpg)
<use UA.jpg>
Package pdftex.def Info: UA.jpg  used on input line 903.
(pdftex.def)             Requested size: 9.02876pt x 9.02876pt.
 [18 <./Images//21.png>]
Overfull \hbox (3.48561pt too wide) in paragraph at lines 910--913
[]\OT1/cmr/bx/n/10 Classe \OT1/cmr/m/n/10 - De-scri^^Xc~ao de um con-junto de ob-je-tos que par-til-ham os mes-mos atrib-u-tos, opera^^Xc~oes,
 []

<./Images//22.png, id=118, 751.80875pt x 336.25626pt>
File: ./Images//22.png Graphic file (type png)
<use ./Images//22.png>
Package pdftex.def Info: ./Images//22.png  used on input line 919.
(pdftex.def)             Requested size: 263.137pt x 117.69145pt.
<./Images//23.png, id=119, 606.265pt x 293.095pt>
File: ./Images//23.png Graphic file (type png)
<use ./Images//23.png>
Package pdftex.def Info: ./Images//23.png  used on input line 923.
(pdftex.def)             Requested size: 212.19592pt x 102.58478pt.
<./Images//24.png, id=120, 532.99126pt x 300.12125pt>
File: ./Images//24.png Graphic file (type png)
<use ./Images//24.png>
Package pdftex.def Info: ./Images//24.png  used on input line 924.
(pdftex.def)             Requested size: 186.54973pt x 105.044pt.
<./Images//25.png, id=121, 803.0pt x 492.84125pt>
File: ./Images//25.png Graphic file (type png)
<use ./Images//25.png>
Package pdftex.def Info: ./Images//25.png  used on input line 930.
(pdftex.def)             Requested size: 240.90186pt x 147.8535pt.
File: UA.jpg Graphic file (type jpg)
<use UA.jpg>
Package pdftex.def Info: UA.jpg  used on input line 934.
(pdftex.def)             Requested size: 9.02876pt x 9.02876pt.
[19 <./Images//22.png> <./Images//23.png> <./Images//24.png> <./Images//25.png>]
File: UA.jpg Graphic file (type jpg)
<use UA.jpg>
Package pdftex.def Info: UA.jpg  used on input line 988.
(pdftex.def)             Requested size: 9.02876pt x 9.02876pt.
 [20]
File: UA.jpg Graphic file (type jpg)
<use UA.jpg>
Package pdftex.def Info: UA.jpg  used on input line 1039.
(pdftex.def)             Requested size: 9.02876pt x 9.02876pt.
 [21]
<./Images//26.png, id=135, 759.83875pt x 463.7325pt>
File: ./Images//26.png Graphic file (type png)
<use ./Images//26.png>
Package pdftex.def Info: ./Images//26.png  used on input line 1043.
(pdftex.def)             Requested size: 265.94754pt x 162.30879pt.
<./Images//27.png, id=136, 704.6325pt x 497.86pt>
File: ./Images//27.png Graphic file (type png)
<use ./Images//27.png>
Package pdftex.def Info: ./Images//27.png  used on input line 1049.
(pdftex.def)             Requested size: 246.62508pt x 174.2536pt.
File: UA.jpg Graphic file (type jpg)
<use UA.jpg>
Package pdftex.def Info: UA.jpg  used on input line 1069.
(pdftex.def)             Requested size: 9.02876pt x 9.02876pt.
 [22 <./Images//26.png> <./Images//27.png>]
<./Images//28.png, id=142, 348.30125pt x 363.3575pt>
File: ./Images//28.png Graphic file (type png)
<use ./Images//28.png>
Package pdftex.def Info: ./Images//28.png  used on input line 1082.
(pdftex.def)             Requested size: 121.90726pt x 127.17702pt.
<./Images//29.png, id=143, 513.92pt x 366.36874pt>
File: ./Images//29.png Graphic file (type png)
<use ./Images//29.png>
Package pdftex.def Info: ./Images//29.png  used on input line 1083.
(pdftex.def)             Requested size: 179.87468pt x 128.23097pt.
<./Images//30.png, id=144, 310.15875pt x 83.31125pt>
File: ./Images//30.png Graphic file (type png)
<use ./Images//30.png>
Package pdftex.def Info: ./Images//30.png  used on input line 1090.
(pdftex.def)             Requested size: 108.55717pt x 29.15936pt.
File: UA.jpg Graphic file (type jpg)
<use UA.jpg>
Package pdftex.def Info: UA.jpg  used on input line 1123.
(pdftex.def)             Requested size: 9.02876pt x 9.02876pt.
 [23 <./Images//28.png> <./Images//29.png> <./Images//30.png>]
<./Images//31.png, id=151, 652.4375pt x 369.38pt>
File: ./Images//31.png Graphic file (type png)
<use ./Images//31.png>
Package pdftex.def Info: ./Images//31.png  used on input line 1128.
(pdftex.def)             Requested size: 228.35654pt x 129.28493pt.
<./Images//32.png, id=152, 780.9175pt x 421.575pt>
File: ./Images//32.png Graphic file (type png)
<use ./Images//32.png>
Package pdftex.def Info: ./Images//32.png  used on input line 1135.
(pdftex.def)             Requested size: 195.2289pt x 105.39348pt.
<./Images//33.png, id=153, 787.94376pt x 447.6725pt>
File: ./Images//33.png Graphic file (type png)
<use ./Images//33.png>
Package pdftex.def Info: ./Images//33.png  used on input line 1136.
(pdftex.def)             Requested size: 196.98546pt x 111.91785pt.
<./Images//34.png, id=154, 766.865pt x 411.5375pt>
File: ./Images//34.png Graphic file (type png)
<use ./Images//34.png>
Package pdftex.def Info: ./Images//34.png  used on input line 1140.
(pdftex.def)             Requested size: 230.06128pt x 123.4622pt.
File: UA.jpg Graphic file (type jpg)
<use UA.jpg>
Package pdftex.def Info: UA.jpg  used on input line 1144.
(pdftex.def)             Requested size: 9.02876pt x 9.02876pt.
 [24 <./Images//31.png> <./Images//32.png> <./Images//33.png> <./Images//34.png>]
<./Images//35.png, id=163, 737.75626pt x 483.8075pt>
File: ./Images//35.png Graphic file (type png)
<use ./Images//35.png>
Package pdftex.def Info: ./Images//35.png  used on input line 1148.
(pdftex.def)             Requested size: 258.21855pt x 169.33516pt.
<./Images//36.png, id=164, 432.61626pt x 195.73125pt>
File: ./Images//36.png Graphic file (type png)
<use ./Images//36.png>
Package pdftex.def Info: ./Images//36.png  used on input line 1154.
(pdftex.def)             Requested size: 129.78587pt x 58.71982pt.
File: UA.jpg Graphic file (type jpg)
<use UA.jpg>
Package pdftex.def Info: UA.jpg  used on input line 1175.
(pdftex.def)             Requested size: 9.02876pt x 9.02876pt.
 [25 <./Images//35.png> <./Images//36.png>]
<./Images//37.png, id=174, 739.76375pt x 300.12125pt>
File: ./Images//37.png Graphic file (type png)
<use ./Images//37.png>
Package pdftex.def Info: ./Images//37.png  used on input line 1198.
(pdftex.def)             Requested size: 221.93083pt x 90.03706pt.
File: UA.jpg Graphic file (type jpg)
<use UA.jpg>
Package pdftex.def Info: UA.jpg  used on input line 1231.
(pdftex.def)             Requested size: 9.02876pt x 9.02876pt.
 [26 <./Images//37.png>]
<./Images//38.png, id=179, 734.745pt x 389.455pt>
File: ./Images//38.png Graphic file (type png)
<use ./Images//38.png>
Package pdftex.def Info: ./Images//38.png  used on input line 1235.
(pdftex.def)             Requested size: 220.42519pt x 116.83739pt.
<./Images//39.png, id=180, 746.79pt x 350.30875pt>
File: ./Images//39.png Graphic file (type png)
<use ./Images//39.png>
Package pdftex.def Info: ./Images//39.png  used on input line 1242.
(pdftex.def)             Requested size: 224.03873pt x 105.09343pt.
File: UA.jpg Graphic file (type jpg)
<use UA.jpg>
Package pdftex.def Info: UA.jpg  used on input line 1277.
(pdftex.def)             Requested size: 9.02876pt x 9.02876pt.
 [27 <./Images//38.png> <./Images//39.png>]
File: UA.jpg Graphic file (type jpg)
<use UA.jpg>
Package pdftex.def Info: UA.jpg  used on input line 1346.
(pdftex.def)             Requested size: 9.02876pt x 9.02876pt.
 [28]
<./Images//40.png, id=189, 593.21625pt x 435.6275pt>
File: ./Images//40.png Graphic file (type png)
<use ./Images//40.png>
Package pdftex.def Info: ./Images//40.png  used on input line 1352.
(pdftex.def)             Requested size: 207.6288pt x 152.47191pt.
<./Images//41.png, id=190, 751.80875pt x 46.1725pt>
File: ./Images//41.png Graphic file (type png)
<use ./Images//41.png>
Package pdftex.def Info: ./Images//41.png  used on input line 1365.
(pdftex.def)             Requested size: 263.137pt x 16.1606pt.
<./Images//42.png, id=191, 721.69624pt x 304.13625pt>
File: ./Images//42.png Graphic file (type png)
<use ./Images//42.png>
Package pdftex.def Info: ./Images//42.png  used on input line 1378.
(pdftex.def)             Requested size: 288.67339pt x 121.65233pt.
File: UA.jpg Graphic file (type jpg)
<use UA.jpg>
Package pdftex.def Info: UA.jpg  used on input line 1382.
(pdftex.def)             Requested size: 9.02876pt x 9.02876pt.
 [29 <./Images//40.png> <./Images//41.png> <./Images//42.png>]
Overfull \hbox (1.28844pt too wide) in paragraph at lines 1398--1402
\OT1/cmr/bx/n/10 senta^^Xc~ao para uma de-ter-mi-nada aplica^^Xc~ao\OT1/cmr/m/n/10 , con-stru-indo para este fim |   []   |   []   |   [].
 []

<./Images//43.png, id=198, 745.78625pt x 301.125pt>
File: ./Images//43.png Graphic file (type png)
<use ./Images//43.png>
Package pdftex.def Info: ./Images//43.png  used on input line 1404.
(pdftex.def)             Requested size: 298.30922pt x 120.44786pt.
<./Images//44.png, id=199, 706.64pt x 173.64874pt>
File: ./Images//44.png Graphic file (type png)
<use ./Images//44.png>
Package pdftex.def Info: ./Images//44.png  used on input line 1422.
(pdftex.def)             Requested size: 282.65099pt x 69.45825pt.
File: UA.jpg Graphic file (type jpg)
<use UA.jpg>
Package pdftex.def Info: UA.jpg  used on input line 1435.
(pdftex.def)             Requested size: 9.02876pt x 9.02876pt.
[30 <./Images//43.png> <./Images//44.png>]
<./Images//45.png, id=206, 473.77pt x 307.1475pt>
File: ./Images//45.png Graphic file (type png)
<use ./Images//45.png>
Package pdftex.def Info: ./Images//45.png  used on input line 1455.
(pdftex.def)             Requested size: 165.82198pt x 107.50323pt.
<./Images//46.png, id=207, 814.04124pt x 405.515pt>
File: ./Images//46.png Graphic file (type png)
<use ./Images//46.png>
Package pdftex.def Info: ./Images//46.png  used on input line 1461.
(pdftex.def)             Requested size: 325.61072pt x 162.20311pt.
File: UA.jpg Graphic file (type jpg)
<use UA.jpg>
Package pdftex.def Info: UA.jpg  used on input line 1465.
(pdftex.def)             Requested size: 9.02876pt x 9.02876pt.
 [31 <./Images//45.png> <./Images//46.png>]
<./Images//47.png, id=213, 748.7975pt x 339.2675pt>
File: ./Images//47.png Graphic file (type png)
<use ./Images//47.png>
Package pdftex.def Info: ./Images//47.png  used on input line 1478.
(pdftex.def)             Requested size: 262.08305pt x 118.74539pt.
<./Images//48.png, id=214, 565.11125pt x 324.21124pt>
File: ./Images//48.png Graphic file (type png)
<use ./Images//48.png>
Package pdftex.def Info: ./Images//48.png  used on input line 1494.
(pdftex.def)             Requested size: 226.04048pt x 129.68219pt.
File: UA.jpg Graphic file (type jpg)
<use UA.jpg>
Package pdftex.def Info: UA.jpg  used on input line 1498.
(pdftex.def)             Requested size: 9.02876pt x 9.02876pt.
 [32 <./Images//47.png> <./Images//48.png>]
LaTeX Font Info:    Trying to load font information for OMS+cmr on input line 1527.
 (/usr/share/texlive/texmf-dist/tex/latex/base/omscmr.fd
File: omscmr.fd 2019/12/16 v2.5j Standard LaTeX font definitions
)
LaTeX Font Info:    Font shape `OMS/cmr/m/n' in size <10> not available
(Font)              Font shape `OMS/cmsy/m/n' tried instead on input line 1527.
File: UA.jpg Graphic file (type jpg)
<use UA.jpg>
Package pdftex.def Info: UA.jpg  used on input line 1541.
(pdftex.def)             Requested size: 9.02876pt x 9.02876pt.
 [33]
<./Images//49.png, id=225, 310.15875pt x 532.99126pt>
File: ./Images//49.png Graphic file (type png)
<use ./Images//49.png>
Package pdftex.def Info: ./Images//49.png  used on input line 1571.
(pdftex.def)             Requested size: 108.55717pt x 186.54973pt.
<./Images//50.png, id=226, 808.01875pt x 525.965pt>
File: ./Images//50.png Graphic file (type png)
<use ./Images//50.png>
Package pdftex.def Info: ./Images//50.png  used on input line 1572.
(pdftex.def)             Requested size: 282.8108pt x 184.0905pt.
File: UA.jpg Graphic file (type jpg)
<use UA.jpg>
Package pdftex.def Info: UA.jpg  used on input line 1576.
(pdftex.def)             Requested size: 9.02876pt x 9.02876pt.
 [34 <./Images//49.png> <./Images//50.png>]
<./Images//51.png, id=232, 764.8575pt x 326.21875pt>
File: ./Images//51.png Graphic file (type png)
<use ./Images//51.png>
Package pdftex.def Info: ./Images//51.png  used on input line 1585.
(pdftex.def)             Requested size: 267.70413pt x 114.17827pt.
<./Images//52.png, id=233, 739.76375pt x 326.21875pt>
File: ./Images//52.png Graphic file (type png)
<use ./Images//52.png>
Package pdftex.def Info: ./Images//52.png  used on input line 1591.
(pdftex.def)             Requested size: 258.92119pt x 114.17827pt.
<./Images//53.png, id=234, 801.99625pt x 431.6125pt>
File: ./Images//53.png Graphic file (type png)
<use ./Images//53.png>
Package pdftex.def Info: ./Images//53.png  used on input line 1601.
(pdftex.def)             Requested size: 264.65958pt x 142.43256pt.
File: UA.jpg Graphic file (type jpg)
<use UA.jpg>
Package pdftex.def Info: UA.jpg  used on input line 1605.
(pdftex.def)             Requested size: 9.02876pt x 9.02876pt.
 [35 <./Images//51.png> <./Images//52.png> <./Images//53.png>]
<./Images//54.png, id=241, 808.01875pt x 123.46124pt>
File: ./Images//54.png Graphic file (type png)
<use ./Images//54.png>
Package pdftex.def Info: ./Images//54.png  used on input line 1621.
(pdftex.def)             Requested size: 282.8108pt x 43.21207pt.
File: UA.jpg Graphic file (type jpg)
<use UA.jpg>
Package pdftex.def Info: UA.jpg  used on input line 1665.
(pdftex.def)             Requested size: 9.02876pt x 9.02876pt.
 [36 <./Images//54.png>]
<./Images//55.png, id=247, 754.82pt x 446.66875pt>
File: ./Images//55.png Graphic file (type png)
<use ./Images//55.png>
Package pdftex.def Info: ./Images//55.png  used on input line 1709.
(pdftex.def)             Requested size: 286.83458pt x 169.73589pt.
File: UA.jpg Graphic file (type jpg)
<use UA.jpg>
Package pdftex.def Info: UA.jpg  used on input line 1713.
(pdftex.def)             Requested size: 9.02876pt x 9.02876pt.
 [37 <./Images//55.png>]
<./Images//56.png, id=252, 408.52625pt x 207.77625pt>
File: ./Images//56.png Graphic file (type png)
<use ./Images//56.png>
Package pdftex.def Info: ./Images//56.png  used on input line 1769.
(pdftex.def)             Requested size: 142.98633pt x 72.72276pt.
File: UA.jpg Graphic file (type jpg)
<use UA.jpg>
Package pdftex.def Info: UA.jpg  used on input line 1773.
(pdftex.def)             Requested size: 9.02876pt x 9.02876pt.
 [38 <./Images//56.png>]
<./Images//57.png, id=257, 578.16pt x 339.2675pt>
File: ./Images//57.png Graphic file (type png)
<use ./Images//57.png>
Package pdftex.def Info: ./Images//57.png  used on input line 1800.
(pdftex.def)             Requested size: 231.2599pt x 135.70459pt.

Overfull \hbox (7.94148pt too wide) in paragraph at lines 1812--1816
[]\OT1/cmr/m/n/10 Em al-guns dom^^S^^Pnios, h^^Sa fun^^Xc~oes de es-tima^^Xc~ao de cus-tos que nat-u-ral-mente con-stituem heur^^S^^Psticas
 []

File: UA.jpg Graphic file (type jpg)
<use UA.jpg>
Package pdftex.def Info: UA.jpg  used on input line 1824.
(pdftex.def)             Requested size: 9.02876pt x 9.02876pt.
[39 <./Images//57.png>]
File: UA.jpg Graphic file (type jpg)
<use UA.jpg>
Package pdftex.def Info: UA.jpg  used on input line 1884.
(pdftex.def)             Requested size: 9.02876pt x 9.02876pt.
 [40]
<./Images//58.png, id=265, 702.625pt x 467.7475pt>
File: ./Images//58.png Graphic file (type png)
<use ./Images//58.png>
Package pdftex.def Info: ./Images//58.png  used on input line 1887.
(pdftex.def)             Requested size: 245.92242pt x 163.71407pt.
<./Images//59.png, id=266, 727.71875pt x 417.56pt>
File: ./Images//59.png Graphic file (type png)
<use ./Images//59.png>
Package pdftex.def Info: ./Images//59.png  used on input line 1891.
(pdftex.def)             Requested size: 254.70537pt x 146.14818pt.
<./Images//60.png, id=267, 858.20625pt x 430.60875pt>
File: ./Images//60.png Graphic file (type png)
<use ./Images//60.png>
Package pdftex.def Info: ./Images//60.png  used on input line 1896.
(pdftex.def)             Requested size: 300.3767pt x 150.7153pt.
File: UA.jpg Graphic file (type jpg)
<use UA.jpg>
Package pdftex.def Info: UA.jpg  used on input line 1900.
(pdftex.def)             Requested size: 9.02876pt x 9.02876pt.
 [41 <./Images//58.png> <./Images//59.png> <./Images//60.png>]
<./Images//61.png, id=274, 740.7675pt x 443.6575pt>
File: ./Images//61.png Graphic file (type png)
<use ./Images//61.png>
Package pdftex.def Info: ./Images//61.png  used on input line 1903.
(pdftex.def)             Requested size: 259.2725pt x 155.28244pt.
<./Images//62.png, id=275, 704.6325pt x 397.485pt>
File: ./Images//62.png Graphic file (type png)
<use ./Images//62.png>
Package pdftex.def Info: ./Images//62.png  used on input line 1908.
(pdftex.def)             Requested size: 281.848pt x 158.99118pt.
<./Images//63.png, id=276, 816.04875pt x 409.53pt>
File: ./Images//63.png Graphic file (type png)
<use ./Images//63.png>
Package pdftex.def Info: ./Images//63.png  used on input line 1912.
(pdftex.def)             Requested size: 326.41371pt x 163.80908pt.
File: UA.jpg Graphic file (type jpg)
<use UA.jpg>
Package pdftex.def Info: UA.jpg  used on input line 1915.
(pdftex.def)             Requested size: 9.02876pt x 9.02876pt.
 [42 <./Images//61.png> <./Images//62.png> <./Images//63.png>]
<./Images//64.png, id=284, 707.64375pt x 371.3875pt>
File: ./Images//64.png Graphic file (type png)
<use ./Images//64.png>
Package pdftex.def Info: ./Images//64.png  used on input line 1916.
(pdftex.def)             Requested size: 283.05249pt x 148.55235pt.
File: UA.jpg Graphic file (type jpg)
<use UA.jpg>
Package pdftex.def Info: UA.jpg  used on input line 1920.
(pdftex.def)             Requested size: 9.02876pt x 9.02876pt.
 [43 <./Images//64.png>] (./Resumos.aux) ) 
Here is how much of TeX's memory you used:
 7468 strings out of 480247
 111910 string characters out of 5896150
 622784 words of memory out of 5000000
 25300 multiletter control sequences out of 15000+600000
 478648 words of font info for 65 fonts, out of 8000000 for 9000
 14 hyphenation exceptions out of 8191
 60i,15n,67p,273b,1251s stack positions out of 5000i,500n,10000p,200000b,80000s
 </home/mendes/.texlive2021/texmf-var/fonts/pk/ljfour/jknappen/ec/tcrm1000.600pk></usr/share/texlive/texmf-dist/fonts/type1/public/amsfonts/cm/cmbx10.pfb></usr/share/texlive/texmf-dist/fonts/type1/public/amsfonts/cm/cmbx12.pfb></usr/share/texlive/texmf-dist/fonts/type1/public/amsfonts/cm/cmex10.pfb></usr/share/texlive/texmf-dist/fonts/type1/public/amsfonts/cm/cmmi10.pfb></usr/share/texlive/texmf-dist/fonts/type1/public/amsfonts/cm/cmmi5.pfb></usr/share/texlive/texmf-dist/fonts/type1/public/amsfonts/cm/cmmi7.pfb></usr/share/texlive/texmf-dist/fonts/type1/public/amsfonts/cm/cmr10.pfb></usr/share/texlive/texmf-dist/fonts/type1/public/amsfonts/cm/cmr12.pfb></usr/share/texlive/texmf-dist/fonts/type1/public/amsfonts/cm/cmr17.pfb></usr/share/texlive/texmf-dist/fonts/type1/public/amsfonts/cm/cmr7.pfb></usr/share/texlive/texmf-dist/fonts/type1/public/amsfonts/cm/cmsy10.pfb></usr/share/texlive/texmf-dist/fonts/type1/public/amsfonts/cm/cmsy7.pfb></usr/share/texlive/texmf-dist/fonts/type1/public/amsfonts/cm/cmtt9.pfb></usr/share/texlive/texmf-dist/fonts/type1/public/amsfonts/symbols/msam10.pfb>
Output written on Resumos.pdf (44 pages, 2385634 bytes).
PDF statistics:
 355 PDF objects out of 1000 (max. 8388607)
 147 compressed objects within 2 object streams
 0 named destinations out of 1000 (max. 500000)
 331 words of extra memory for PDF output out of 10000 (max. 10000000)

